<?xml version="1.0" encoding="UTF-8"?>
<testsuite xmlns:xsi="http://www.w3.org/2001/XMLSchema-instance" xsi:noNamespaceSchemaLocation="https://maven.apache.org/surefire/maven-surefire-plugin/xsd/surefire-test-report-3.0.xsd" version="3.0" name="com.login.demo.DemoApplicationTests" time="5.392" tests="1" errors="0" skipped="0" failures="0">
  <properties>
[...]
</properties>
  <testcase name="contextLoads" classname="com.login.demo.DemoApplicationTests" time="0.408">
    <system-out><![CDATA[Standard Commons Logging discovery in action with spring-jcl: please remove commons-logging.jar from classpath in order to avoid potential conflicts
12:42:46.316 [main] INFO org.springframework.test.context.support.AnnotationConfigContextLoaderUtils -- Could not detect default configuration classes for test class [com.login.demo.DemoApplicationTests]: DemoApplicationTests does not declare any static, non-private, non-final, nested classes annotated with @Configuration.
12:42:46.396 [main] INFO org.springframework.boot.test.context.SpringBootTestContextBootstrapper -- Found @SpringBootConfiguration com.login.demo.DemoApplication for test class com.login.demo.DemoApplicationTests
12:42:46.528 [main] INFO org.springframework.boot.devtools.restart.RestartApplicationListener -- Restart disabled due to context in which it is running

  .   ____          _            __ _ _
 /\\ / ___'_ __ _ _(_)_ __  __ _ \ \ \ \
( ( )\___ | '_ | '_| | '_ \/ _` | \ \ \ \
 \\/  ___)| |_)| | | | | || (_| |  ) ) ) )
  '  |____| .__|_| |_|_| |_\__, | / / / /
 =========|_|==============|___/=/_/_/_/
 :: Spring Boot ::                (v3.2.5)

2025-02-05T12:42:46.786-03:00  INFO 19108 --- [LinkShare] [           main] com.login.demo.DemoApplicationTests      : Starting DemoApplicationTests using Java 22.0.2 with PID 19108 (started by Liv in D:\Web\Mis Proyectos\Test\test-backend\LinkShare)
2025-02-05T12:42:46.787-03:00  INFO 19108 --- [LinkShare] [           main] com.login.demo.DemoApplicationTests      : No active profile set, falling back to 1 default profile: "default"
2025-02-05T12:42:47.474-03:00  INFO 19108 --- [LinkShare] [           main] .s.d.r.c.RepositoryConfigurationDelegate : Bootstrapping Spring Data JPA repositories in DEFAULT mode.
2025-02-05T12:42:47.536-03:00  INFO 19108 --- [LinkShare] [           main] .s.d.r.c.RepositoryConfigurationDelegate : Finished Spring Data repository scanning in 55 ms. Found 6 JPA repository interfaces.
2025-02-05T12:42:48.115-03:00  INFO 19108 --- [LinkShare] [           main] o.hibernate.jpa.internal.util.LogHelper  : HHH000204: Processing PersistenceUnitInfo [name: default]
2025-02-05T12:42:48.168-03:00  INFO 19108 --- [LinkShare] [           main] org.hibernate.Version                    : HHH000412: Hibernate ORM core version 6.4.4.Final
2025-02-05T12:42:48.198-03:00  INFO 19108 --- [LinkShare] [           main] o.h.c.internal.RegionFactoryInitiator    : HHH000026: Second-level cache disabled
2025-02-05T12:42:48.426-03:00  INFO 19108 --- [LinkShare] [           main] o.s.o.j.p.SpringPersistenceUnitInfo      : No LoadTimeWeaver setup: ignoring JPA class transformer
2025-02-05T12:42:48.454-03:00  INFO 19108 --- [LinkShare] [           main] com.zaxxer.hikari.HikariDataSource       : HikariPool-1 - Starting...
2025-02-05T12:42:48.777-03:00  INFO 19108 --- [LinkShare] [           main] com.zaxxer.hikari.pool.HikariPool        : HikariPool-1 - Added connection com.mysql.cj.jdbc.ConnectionImpl@43b6cb1c
2025-02-05T12:42:48.779-03:00  INFO 19108 --- [LinkShare] [           main] com.zaxxer.hikari.HikariDataSource       : HikariPool-1 - Start completed.
2025-02-05T12:42:49.696-03:00  INFO 19108 --- [LinkShare] [           main] o.h.e.t.j.p.i.JtaPlatformInitiator       : HHH000489: No JTA platform available (set 'hibernate.transaction.jta.platform' to enable JTA platform integration)
2025-02-05T12:42:49.790-03:00  INFO 19108 --- [LinkShare] [           main] j.LocalContainerEntityManagerFactoryBean : Initialized JPA EntityManagerFactory for persistence unit 'default'
2025-02-05T12:42:50.368-03:00  WARN 19108 --- [LinkShare] [           main] JpaBaseConfiguration$JpaWebConfiguration : spring.jpa.open-in-view is enabled by default. Therefore, database queries may be performed during view rendering. Explicitly configure spring.jpa.open-in-view to disable this warning
2025-02-05T12:42:50.744-03:00  INFO 19108 --- [LinkShare] [           main] o.s.s.web.DefaultSecurityFilterChain     : Will secure any request with [org.springframework.security.web.session.DisableEncodeUrlFilter@56f4f385, org.springframework.security.web.context.request.async.WebAsyncManagerIntegrationFilter@6b9b9cb9, org.springframework.security.web.context.SecurityContextHolderFilter@94f79a7, org.springframework.security.web.header.HeaderWriterFilter@198a653, org.springframework.web.filter.CorsFilter@18f1631c, org.springframework.security.web.authentication.logout.LogoutFilter@59da4992, org.springframework.security.oauth2.client.web.OAuth2AuthorizationRequestRedirectFilter@6bbff652, org.springframework.security.oauth2.client.web.OAuth2LoginAuthenticationFilter@45ea6c24, org.springframework.security.web.authentication.ui.DefaultLoginPageGeneratingFilter@69eb1f23, org.springframework.security.web.authentication.ui.DefaultLogoutPageGeneratingFilter@3ad5f99, com.login.demo.config.filter.JwtTokenValidator@72b4ecb2, org.springframework.security.web.authentication.www.BasicAuthenticationFilter@318beab4, org.springframework.security.web.savedrequest.RequestCacheAwareFilter@4b9a1be5, org.springframework.security.web.servletapi.SecurityContextHolderAwareRequestFilter@2643caa6, org.springframework.security.web.authentication.AnonymousAuthenticationFilter@457dc809, org.springframework.security.web.session.SessionManagementFilter@6d7005e2, org.springframework.security.web.access.ExceptionTranslationFilter@6b83ec49]
2025-02-05T12:42:51.150-03:00  INFO 19108 --- [LinkShare] [           main] com.login.demo.DemoApplicationTests      : Started DemoApplicationTests in 4.632 seconds (process running for 5.396)
]]></system-out>
    <system-err><![CDATA[WARNING: A Java agent has been loaded dynamically (C:\Users\Liv\.m2\repository\net\bytebuddy\byte-buddy-agent\1.14.13\byte-buddy-agent-1.14.13.jar)
WARNING: If a serviceability tool is in use, please run with -XX:+EnableDynamicAgentLoading to hide this warning
WARNING: If a serviceability tool is not in use, please run with -Djdk.instrument.traceUsage for more information
WARNING: Dynamic loading of agents will be disallowed by default in a future release
]]></system-err>
  </testcase>
</testsuite>